## Footprint report - date 01/23/17 23:17:24
## Created by Pcbnew version pcbnew 4.0.5
## Unit = inches, Angle = deg.

$BeginDESCRIPTION

$BOARD
upper_left_corner  1.597047  1.028921
lower_right_corner  8.802953  4.524402
$EndBOARD

$MODULE "J7"
reference "J7"
value "Screw_Terminal_1x08"
footprint "Camdenboss_screw_terminal:Camdenboss_Screw_terminal_8x9.5mm"
attribut none
position  7.044000  2.312000  orientation 0.00
layer front
$PAD "1"
Shape Circle Layer both
position -1.309055  0.000000  size  0.157480  0.157480  orientation 0.00
drill  0.082677
shape_offset  0.000000  0.000000
$EndPAD
$PAD "2"
Shape Circle Layer both
position -0.935039  0.000000  size  0.157480  0.157480  orientation 0.00
drill  0.082677
shape_offset  0.000000  0.000000
$EndPAD
$PAD "3"
Shape Circle Layer both
position -0.561024  0.000000  size  0.157480  0.157480  orientation 0.00
drill  0.082677
shape_offset  0.000000  0.000000
$EndPAD
$PAD "4"
Shape Circle Layer both
position -0.187008  0.000000  size  0.157480  0.157480  orientation 0.00
drill  0.082677
shape_offset  0.000000  0.000000
$EndPAD
$PAD "5"
Shape Circle Layer both
position  0.187008  0.000000  size  0.157480  0.157480  orientation 0.00
drill  0.082677
shape_offset  0.000000  0.000000
$EndPAD
$PAD "6"
Shape Circle Layer both
position  0.561024  0.000000  size  0.157480  0.157480  orientation 0.00
drill  0.082677
shape_offset  0.000000  0.000000
$EndPAD
$PAD "7"
Shape Circle Layer both
position  0.935039  0.000000  size  0.157480  0.157480  orientation 0.00
drill  0.082677
shape_offset  0.000000  0.000000
$EndPAD
$PAD "8"
Shape Circle Layer both
position  1.309055  0.000000  size  0.157480  0.157480  orientation 0.00
drill  0.082677
shape_offset  0.000000  0.000000
$EndPAD
$EndMODULE  J7

$MODULE "J6"
reference "J6"
value "Screw_Terminal_1x08"
footprint "Camdenboss_screw_terminal:Camdenboss_Screw_terminal_8x9.5mm"
attribut none
position  3.896000  2.314000  orientation 0.00
layer front
$PAD "1"
Shape Circle Layer both
position -1.309055  0.000000  size  0.157480  0.157480  orientation 0.00
drill  0.082677
shape_offset  0.000000  0.000000
$EndPAD
$PAD "2"
Shape Circle Layer both
position -0.935039  0.000000  size  0.157480  0.157480  orientation 0.00
drill  0.082677
shape_offset  0.000000  0.000000
$EndPAD
$PAD "3"
Shape Circle Layer both
position -0.561024  0.000000  size  0.157480  0.157480  orientation 0.00
drill  0.082677
shape_offset  0.000000  0.000000
$EndPAD
$PAD "4"
Shape Circle Layer both
position -0.187008  0.000000  size  0.157480  0.157480  orientation 0.00
drill  0.082677
shape_offset  0.000000  0.000000
$EndPAD
$PAD "5"
Shape Circle Layer both
position  0.187008  0.000000  size  0.157480  0.157480  orientation 0.00
drill  0.082677
shape_offset  0.000000  0.000000
$EndPAD
$PAD "6"
Shape Circle Layer both
position  0.561024  0.000000  size  0.157480  0.157480  orientation 0.00
drill  0.082677
shape_offset  0.000000  0.000000
$EndPAD
$PAD "7"
Shape Circle Layer both
position  0.935039  0.000000  size  0.157480  0.157480  orientation 0.00
drill  0.082677
shape_offset  0.000000  0.000000
$EndPAD
$PAD "8"
Shape Circle Layer both
position  1.309055  0.000000  size  0.157480  0.157480  orientation 0.00
drill  0.082677
shape_offset  0.000000  0.000000
$EndPAD
$EndMODULE  J6

$MODULE "J3"
reference "J3"
value "Screw_Terminal_1x08"
footprint "Camdenboss_screw_terminal:Camdenboss_Screw_terminal_8x9.5mm"
attribut none
position  3.892000  1.536000  orientation 0.00
layer front
$PAD "1"
Shape Circle Layer both
position -1.309055  0.000000  size  0.157480  0.157480  orientation 0.00
drill  0.082677
shape_offset  0.000000  0.000000
$EndPAD
$PAD "2"
Shape Circle Layer both
position -0.935039  0.000000  size  0.157480  0.157480  orientation 0.00
drill  0.082677
shape_offset  0.000000  0.000000
$EndPAD
$PAD "3"
Shape Circle Layer both
position -0.561024  0.000000  size  0.157480  0.157480  orientation 0.00
drill  0.082677
shape_offset  0.000000  0.000000
$EndPAD
$PAD "4"
Shape Circle Layer both
position -0.187008  0.000000  size  0.157480  0.157480  orientation 0.00
drill  0.082677
shape_offset  0.000000  0.000000
$EndPAD
$PAD "5"
Shape Circle Layer both
position  0.187008  0.000000  size  0.157480  0.157480  orientation 0.00
drill  0.082677
shape_offset  0.000000  0.000000
$EndPAD
$PAD "6"
Shape Circle Layer both
position  0.561024  0.000000  size  0.157480  0.157480  orientation 0.00
drill  0.082677
shape_offset  0.000000  0.000000
$EndPAD
$PAD "7"
Shape Circle Layer both
position  0.935039  0.000000  size  0.157480  0.157480  orientation 0.00
drill  0.082677
shape_offset  0.000000  0.000000
$EndPAD
$PAD "8"
Shape Circle Layer both
position  1.309055  0.000000  size  0.157480  0.157480  orientation 0.00
drill  0.082677
shape_offset  0.000000  0.000000
$EndPAD
$EndMODULE  J3

$MODULE "J4"
reference "J4"
value "Screw_Terminal_1x03"
footprint "Camdenboss_screw_terminal:Camdenboss_Screw_terminal_3x9.5mm"
attribut none
position  8.450000  3.300000  orientation 90.00
layer front
$PAD "1"
Shape Circle Layer both
position -0.374016  0.000000  size  0.157480  0.157480  orientation 0.00
drill  0.082677
shape_offset  0.000000  0.000000
$EndPAD
$PAD "2"
Shape Circle Layer both
position  0.000000  0.000000  size  0.157480  0.157480  orientation 0.00
drill  0.082677
shape_offset  0.000000  0.000000
$EndPAD
$PAD "3"
Shape Circle Layer both
position  0.374016  0.000000  size  0.157480  0.157480  orientation 0.00
drill  0.082677
shape_offset  0.000000  0.000000
$EndPAD
$EndMODULE  J4

$MODULE "C1"
reference "C1"
value "10 uF"
footprint "Capacitors_SMD:C_0603_HandSoldering"
attribut smd
position  7.950000  3.500000  orientation 90.00
layer front
$PAD "1"
Shape Rect Layer front
position -0.037402  0.000000  size  0.047244  0.029528  orientation 0.00
drill  0.000000
shape_offset  0.000000  0.000000
$EndPAD
$PAD "2"
Shape Rect Layer front
position  0.037402  0.000000  size  0.047244  0.029528  orientation 0.00
drill  0.000000
shape_offset  0.000000  0.000000
$EndPAD
$EndMODULE  C1

$MODULE "C2"
reference "C2"
value "10uF"
footprint "Capacitors_SMD:C_0603_HandSoldering"
attribut smd
position  7.950000  3.050000  orientation 90.00
layer front
$PAD "1"
Shape Rect Layer front
position -0.037402  0.000000  size  0.047244  0.029528  orientation 0.00
drill  0.000000
shape_offset  0.000000  0.000000
$EndPAD
$PAD "2"
Shape Rect Layer front
position  0.037402  0.000000  size  0.047244  0.029528  orientation 0.00
drill  0.000000
shape_offset  0.000000  0.000000
$EndPAD
$EndMODULE  C2

$MODULE "U1"
reference "U1"
value "INA128"
footprint "Housings_DIP:DIP-8_W7.62mm_Socket"
attribut none
position  3.950000  3.200000  orientation 270.00
layer front
$PAD "1"
Shape Rect Layer both
position  0.000000  0.000000  size  0.062992  0.062992  orientation 0.00
drill  0.031496
shape_offset  0.000000  0.000000
$EndPAD
$PAD "5"
Shape Oval Layer both
position  0.300000  0.300000  size  0.062992  0.062992  orientation 0.00
drill  0.031496
shape_offset  0.000000  0.000000
$EndPAD
$PAD "2"
Shape Oval Layer both
position  0.000000  0.100000  size  0.062992  0.062992  orientation 0.00
drill  0.031496
shape_offset  0.000000  0.000000
$EndPAD
$PAD "6"
Shape Oval Layer both
position  0.300000  0.200000  size  0.062992  0.062992  orientation 0.00
drill  0.031496
shape_offset  0.000000  0.000000
$EndPAD
$PAD "3"
Shape Oval Layer both
position  0.000000  0.200000  size  0.062992  0.062992  orientation 0.00
drill  0.031496
shape_offset  0.000000  0.000000
$EndPAD
$PAD "7"
Shape Oval Layer both
position  0.300000  0.100000  size  0.062992  0.062992  orientation 0.00
drill  0.031496
shape_offset  0.000000  0.000000
$EndPAD
$PAD "4"
Shape Oval Layer both
position  0.000000  0.300000  size  0.062992  0.062992  orientation 0.00
drill  0.031496
shape_offset  0.000000  0.000000
$EndPAD
$PAD "8"
Shape Oval Layer both
position  0.300000  0.000000  size  0.062992  0.062992  orientation 0.00
drill  0.031496
shape_offset  0.000000  0.000000
$EndPAD
$EndMODULE  U1

$MODULE "U2"
reference "U2"
value "INA128"
footprint "Housings_DIP:DIP-8_W7.62mm_Socket"
attribut none
position  5.050000  3.200000  orientation 270.00
layer front
$PAD "1"
Shape Rect Layer both
position  0.000000  0.000000  size  0.062992  0.062992  orientation 0.00
drill  0.031496
shape_offset  0.000000  0.000000
$EndPAD
$PAD "5"
Shape Oval Layer both
position  0.300000  0.300000  size  0.062992  0.062992  orientation 0.00
drill  0.031496
shape_offset  0.000000  0.000000
$EndPAD
$PAD "2"
Shape Oval Layer both
position  0.000000  0.100000  size  0.062992  0.062992  orientation 0.00
drill  0.031496
shape_offset  0.000000  0.000000
$EndPAD
$PAD "6"
Shape Oval Layer both
position  0.300000  0.200000  size  0.062992  0.062992  orientation 0.00
drill  0.031496
shape_offset  0.000000  0.000000
$EndPAD
$PAD "3"
Shape Oval Layer both
position  0.000000  0.200000  size  0.062992  0.062992  orientation 0.00
drill  0.031496
shape_offset  0.000000  0.000000
$EndPAD
$PAD "7"
Shape Oval Layer both
position  0.300000  0.100000  size  0.062992  0.062992  orientation 0.00
drill  0.031496
shape_offset  0.000000  0.000000
$EndPAD
$PAD "4"
Shape Oval Layer both
position  0.000000  0.300000  size  0.062992  0.062992  orientation 0.00
drill  0.031496
shape_offset  0.000000  0.000000
$EndPAD
$PAD "8"
Shape Oval Layer both
position  0.300000  0.000000  size  0.062992  0.062992  orientation 0.00
drill  0.031496
shape_offset  0.000000  0.000000
$EndPAD
$EndMODULE  U2

$MODULE "U3"
reference "U3"
value "INA128"
footprint "Housings_DIP:DIP-8_W7.62mm_Socket"
attribut none
position  6.200000  3.200000  orientation 270.00
layer front
$PAD "1"
Shape Rect Layer both
position  0.000000  0.000000  size  0.062992  0.062992  orientation 0.00
drill  0.031496
shape_offset  0.000000  0.000000
$EndPAD
$PAD "5"
Shape Oval Layer both
position  0.300000  0.300000  size  0.062992  0.062992  orientation 0.00
drill  0.031496
shape_offset  0.000000  0.000000
$EndPAD
$PAD "2"
Shape Oval Layer both
position  0.000000  0.100000  size  0.062992  0.062992  orientation 0.00
drill  0.031496
shape_offset  0.000000  0.000000
$EndPAD
$PAD "6"
Shape Oval Layer both
position  0.300000  0.200000  size  0.062992  0.062992  orientation 0.00
drill  0.031496
shape_offset  0.000000  0.000000
$EndPAD
$PAD "3"
Shape Oval Layer both
position  0.000000  0.200000  size  0.062992  0.062992  orientation 0.00
drill  0.031496
shape_offset  0.000000  0.000000
$EndPAD
$PAD "7"
Shape Oval Layer both
position  0.300000  0.100000  size  0.062992  0.062992  orientation 0.00
drill  0.031496
shape_offset  0.000000  0.000000
$EndPAD
$PAD "4"
Shape Oval Layer both
position  0.000000  0.300000  size  0.062992  0.062992  orientation 0.00
drill  0.031496
shape_offset  0.000000  0.000000
$EndPAD
$PAD "8"
Shape Oval Layer both
position  0.300000  0.000000  size  0.062992  0.062992  orientation 0.00
drill  0.031496
shape_offset  0.000000  0.000000
$EndPAD
$EndMODULE  U3

$MODULE "U4"
reference "U4"
value "INA128"
footprint "Housings_DIP:DIP-8_W7.62mm_Socket"
attribut none
position  7.300000  3.200000  orientation 270.00
layer front
$PAD "1"
Shape Rect Layer both
position  0.000000  0.000000  size  0.062992  0.062992  orientation 0.00
drill  0.031496
shape_offset  0.000000  0.000000
$EndPAD
$PAD "5"
Shape Oval Layer both
position  0.300000  0.300000  size  0.062992  0.062992  orientation 0.00
drill  0.031496
shape_offset  0.000000  0.000000
$EndPAD
$PAD "2"
Shape Oval Layer both
position  0.000000  0.100000  size  0.062992  0.062992  orientation 0.00
drill  0.031496
shape_offset  0.000000  0.000000
$EndPAD
$PAD "6"
Shape Oval Layer both
position  0.300000  0.200000  size  0.062992  0.062992  orientation 0.00
drill  0.031496
shape_offset  0.000000  0.000000
$EndPAD
$PAD "3"
Shape Oval Layer both
position  0.000000  0.200000  size  0.062992  0.062992  orientation 0.00
drill  0.031496
shape_offset  0.000000  0.000000
$EndPAD
$PAD "7"
Shape Oval Layer both
position  0.300000  0.100000  size  0.062992  0.062992  orientation 0.00
drill  0.031496
shape_offset  0.000000  0.000000
$EndPAD
$PAD "4"
Shape Oval Layer both
position  0.000000  0.300000  size  0.062992  0.062992  orientation 0.00
drill  0.031496
shape_offset  0.000000  0.000000
$EndPAD
$PAD "8"
Shape Oval Layer both
position  0.300000  0.000000  size  0.062992  0.062992  orientation 0.00
drill  0.031496
shape_offset  0.000000  0.000000
$EndPAD
$EndMODULE  U4

$MODULE "J5"
reference "J5"
value "Screw_Terminal_1x12"
footprint "Camdenboss_screw_terminal:Camdenboss_Screw_terminal_12x9.5mm"
attribut none
position  5.700000  4.100000  orientation 0.00
layer front
$PAD "1"
Shape Circle Layer both
position -2.047244  0.007874  size  0.157480  0.157480  orientation 0.00
drill  0.082677
shape_offset  0.000000  0.000000
$EndPAD
$PAD "2"
Shape Circle Layer both
position -1.673228  0.007874  size  0.157480  0.157480  orientation 0.00
drill  0.082677
shape_offset  0.000000  0.000000
$EndPAD
$PAD "3"
Shape Circle Layer both
position -1.299213  0.007874  size  0.157480  0.157480  orientation 0.00
drill  0.082677
shape_offset  0.000000  0.000000
$EndPAD
$PAD "4"
Shape Circle Layer both
position -0.925197  0.007874  size  0.157480  0.157480  orientation 0.00
drill  0.082677
shape_offset  0.000000  0.000000
$EndPAD
$PAD "5"
Shape Circle Layer both
position -0.551181  0.007874  size  0.157480  0.157480  orientation 0.00
drill  0.082677
shape_offset  0.000000  0.000000
$EndPAD
$PAD "6"
Shape Circle Layer both
position -0.177165  0.007874  size  0.157480  0.157480  orientation 0.00
drill  0.082677
shape_offset  0.000000  0.000000
$EndPAD
$PAD "7"
Shape Circle Layer both
position  0.196850  0.007874  size  0.157480  0.157480  orientation 0.00
drill  0.082677
shape_offset  0.000000  0.000000
$EndPAD
$PAD "8"
Shape Circle Layer both
position  0.570866  0.007874  size  0.157480  0.157480  orientation 0.00
drill  0.082677
shape_offset  0.000000  0.000000
$EndPAD
$PAD "9"
Shape Circle Layer both
position  0.944882  0.007874  size  0.157480  0.157480  orientation 0.00
drill  0.082677
shape_offset  0.000000  0.000000
$EndPAD
$PAD "10"
Shape Circle Layer both
position  1.318898  0.007874  size  0.157480  0.157480  orientation 0.00
drill  0.082677
shape_offset  0.000000  0.000000
$EndPAD
$PAD "11"
Shape Circle Layer both
position  1.692913  0.007874  size  0.157480  0.157480  orientation 0.00
drill  0.082677
shape_offset  0.000000  0.000000
$EndPAD
$PAD "12"
Shape Circle Layer both
position  2.066929  0.007874  size  0.157480  0.157480  orientation 0.00
drill  0.082677
shape_offset  0.000000  0.000000
$EndPAD
$EndMODULE  J5

$MODULE "J1"
reference "J1"
value "Screw_Terminal_1x04"
footprint "Camdenboss_screw_terminal:Camdenboss_Screw_terminal_4x9.5mm"
attribut none
position  1.950000  3.300000  orientation 270.00
layer front
$PAD "1"
Shape Circle Layer both
position -0.559055  0.000000  size  0.157480  0.157480  orientation 0.00
drill  0.082677
shape_offset  0.000000  0.000000
$EndPAD
$PAD "2"
Shape Circle Layer both
position -0.185039  0.000000  size  0.157480  0.157480  orientation 0.00
drill  0.082677
shape_offset  0.000000  0.000000
$EndPAD
$PAD "3"
Shape Circle Layer both
position  0.188976  0.000000  size  0.157480  0.157480  orientation 0.00
drill  0.082677
shape_offset  0.000000  0.000000
$EndPAD
$PAD "4"
Shape Circle Layer both
position  0.562992  0.000000  size  0.157480  0.157480  orientation 0.00
drill  0.082677
shape_offset  0.000000  0.000000
$EndPAD
$EndMODULE  J1

$MODULE "C3"
reference "C3"
value "0.1 uF"
footprint "Capacitors_THT:C_Disc_D5.0mm_W2.5mm_P5.00mm"
attribut none
position  4.150000  3.550000  orientation 0.00
layer front
$PAD "1"
Shape Circle Layer both
position  0.000000  0.000000  size  0.062992  0.062992  orientation 0.00
drill  0.031496
shape_offset  0.000000  0.000000
$EndPAD
$PAD "2"
Shape Circle Layer both
position  0.196850  0.000000  size  0.062992  0.062992  orientation 0.00
drill  0.031496
shape_offset  0.000000  0.000000
$EndPAD
$EndMODULE  C3

$MODULE "C4"
reference "C4"
value "0.1 uF"
footprint "Capacitors_THT:C_Disc_D5.0mm_W2.5mm_P5.00mm"
attribut none
position  3.450000  3.000000  orientation 0.00
layer front
$PAD "1"
Shape Circle Layer both
position  0.000000  0.000000  size  0.062992  0.062992  orientation 0.00
drill  0.031496
shape_offset  0.000000  0.000000
$EndPAD
$PAD "2"
Shape Circle Layer both
position  0.196850  0.000000  size  0.062992  0.062992  orientation 0.00
drill  0.031496
shape_offset  0.000000  0.000000
$EndPAD
$EndMODULE  C4

$MODULE "C5"
reference "C5"
value "0.1 uF"
footprint "Capacitors_THT:C_Disc_D5.0mm_W2.5mm_P5.00mm"
attribut none
position  5.250000  3.550000  orientation 0.00
layer front
$PAD "1"
Shape Circle Layer both
position  0.000000  0.000000  size  0.062992  0.062992  orientation 0.00
drill  0.031496
shape_offset  0.000000  0.000000
$EndPAD
$PAD "2"
Shape Circle Layer both
position  0.196850  0.000000  size  0.062992  0.062992  orientation 0.00
drill  0.031496
shape_offset  0.000000  0.000000
$EndPAD
$EndMODULE  C5

$MODULE "C6"
reference "C6"
value "0.1 uF"
footprint "Capacitors_THT:C_Disc_D5.0mm_W2.5mm_P5.00mm"
attribut none
position  4.550000  3.000000  orientation 0.00
layer front
$PAD "1"
Shape Circle Layer both
position  0.000000  0.000000  size  0.062992  0.062992  orientation 0.00
drill  0.031496
shape_offset  0.000000  0.000000
$EndPAD
$PAD "2"
Shape Circle Layer both
position  0.196850  0.000000  size  0.062992  0.062992  orientation 0.00
drill  0.031496
shape_offset  0.000000  0.000000
$EndPAD
$EndMODULE  C6

$MODULE "C7"
reference "C7"
value "0.1 uF"
footprint "Capacitors_THT:C_Disc_D5.0mm_W2.5mm_P5.00mm"
attribut none
position  6.350000  3.550000  orientation 0.00
layer front
$PAD "1"
Shape Circle Layer both
position  0.000000  0.000000  size  0.062992  0.062992  orientation 0.00
drill  0.031496
shape_offset  0.000000  0.000000
$EndPAD
$PAD "2"
Shape Circle Layer both
position  0.196850  0.000000  size  0.062992  0.062992  orientation 0.00
drill  0.031496
shape_offset  0.000000  0.000000
$EndPAD
$EndMODULE  C7

$MODULE "C8"
reference "C8"
value "0.1 uF"
footprint "Capacitors_THT:C_Disc_D5.0mm_W2.5mm_P5.00mm"
attribut none
position  5.700000  3.000000  orientation 0.00
layer front
$PAD "1"
Shape Circle Layer both
position  0.000000  0.000000  size  0.062992  0.062992  orientation 0.00
drill  0.031496
shape_offset  0.000000  0.000000
$EndPAD
$PAD "2"
Shape Circle Layer both
position  0.196850  0.000000  size  0.062992  0.062992  orientation 0.00
drill  0.031496
shape_offset  0.000000  0.000000
$EndPAD
$EndMODULE  C8

$MODULE "C9"
reference "C9"
value "0.1 uF"
footprint "Capacitors_THT:C_Disc_D5.0mm_W2.5mm_P5.00mm"
attribut none
position  7.450000  3.550000  orientation 0.00
layer front
$PAD "1"
Shape Circle Layer both
position  0.000000  0.000000  size  0.062992  0.062992  orientation 0.00
drill  0.031496
shape_offset  0.000000  0.000000
$EndPAD
$PAD "2"
Shape Circle Layer both
position  0.196850  0.000000  size  0.062992  0.062992  orientation 0.00
drill  0.031496
shape_offset  0.000000  0.000000
$EndPAD
$EndMODULE  C9

$MODULE "C10"
reference "C10"
value "0.1 uF"
footprint "Capacitors_THT:C_Disc_D5.0mm_W2.5mm_P5.00mm"
attribut none
position  6.800000  3.000000  orientation 0.00
layer front
$PAD "1"
Shape Circle Layer both
position  0.000000  0.000000  size  0.062992  0.062992  orientation 0.00
drill  0.031496
shape_offset  0.000000  0.000000
$EndPAD
$PAD "2"
Shape Circle Layer both
position  0.196850  0.000000  size  0.062992  0.062992  orientation 0.00
drill  0.031496
shape_offset  0.000000  0.000000
$EndPAD
$EndMODULE  C10

$MODULE "R1"
reference "R1"
value "RTRIM"
footprint "Potentiometers:Potentiometer_Bourns_3296W_3-8Zoll_Inline_ScrewUp"
attribut none
position  4.300000  3.000000  orientation 180.00
layer front
$PAD "2"
Shape Circle Layer both
position  0.000000 -0.100000  size  0.060000  0.060000  orientation 0.00
drill  0.032000
shape_offset  0.000000  0.000000
$EndPAD
$PAD "3"
Shape Circle Layer both
position  0.000000 -0.200000  size  0.060000  0.060000  orientation 0.00
drill  0.032000
shape_offset  0.000000  0.000000
$EndPAD
$PAD "1"
Shape Circle Layer both
position  0.000000  0.000000  size  0.060000  0.060000  orientation 0.00
drill  0.032000
shape_offset  0.000000  0.000000
$EndPAD
$EndMODULE  R1

$MODULE "R2"
reference "R2"
value "RTRIM"
footprint "Potentiometers:Potentiometer_Bourns_3296W_3-8Zoll_Inline_ScrewUp"
attribut none
position  5.450000  3.000000  orientation 180.00
layer front
$PAD "2"
Shape Circle Layer both
position  0.000000 -0.100000  size  0.060000  0.060000  orientation 0.00
drill  0.032000
shape_offset  0.000000  0.000000
$EndPAD
$PAD "3"
Shape Circle Layer both
position  0.000000 -0.200000  size  0.060000  0.060000  orientation 0.00
drill  0.032000
shape_offset  0.000000  0.000000
$EndPAD
$PAD "1"
Shape Circle Layer both
position  0.000000  0.000000  size  0.060000  0.060000  orientation 0.00
drill  0.032000
shape_offset  0.000000  0.000000
$EndPAD
$EndMODULE  R2

$MODULE "R3"
reference "R3"
value "RTRIM"
footprint "Potentiometers:Potentiometer_Bourns_3296W_3-8Zoll_Inline_ScrewUp"
attribut none
position  6.550000  3.000000  orientation 180.00
layer front
$PAD "2"
Shape Circle Layer both
position  0.000000 -0.100000  size  0.060000  0.060000  orientation 0.00
drill  0.032000
shape_offset  0.000000  0.000000
$EndPAD
$PAD "3"
Shape Circle Layer both
position  0.000000 -0.200000  size  0.060000  0.060000  orientation 0.00
drill  0.032000
shape_offset  0.000000  0.000000
$EndPAD
$PAD "1"
Shape Circle Layer both
position  0.000000  0.000000  size  0.060000  0.060000  orientation 0.00
drill  0.032000
shape_offset  0.000000  0.000000
$EndPAD
$EndMODULE  R3

$MODULE "R4"
reference "R4"
value "RTRIM"
footprint "Potentiometers:Potentiometer_Bourns_3296W_3-8Zoll_Inline_ScrewUp"
attribut none
position  7.700000  3.000000  orientation 180.00
layer front
$PAD "2"
Shape Circle Layer both
position  0.000000 -0.100000  size  0.060000  0.060000  orientation 0.00
drill  0.032000
shape_offset  0.000000  0.000000
$EndPAD
$PAD "3"
Shape Circle Layer both
position  0.000000 -0.200000  size  0.060000  0.060000  orientation 0.00
drill  0.032000
shape_offset  0.000000  0.000000
$EndPAD
$PAD "1"
Shape Circle Layer both
position  0.000000  0.000000  size  0.060000  0.060000  orientation 0.00
drill  0.032000
shape_offset  0.000000  0.000000
$EndPAD
$EndMODULE  R4

$MODULE "RV1"
reference "RV1"
value "POT"
footprint "Potentiometers:Potentiometer_Bourns_3296W_3-8Zoll_Inline_ScrewUp"
attribut none
position  3.200000  3.650000  orientation 180.00
layer front
$PAD "2"
Shape Circle Layer both
position  0.000000 -0.100000  size  0.060000  0.060000  orientation 0.00
drill  0.032000
shape_offset  0.000000  0.000000
$EndPAD
$PAD "3"
Shape Circle Layer both
position  0.000000 -0.200000  size  0.060000  0.060000  orientation 0.00
drill  0.032000
shape_offset  0.000000  0.000000
$EndPAD
$PAD "1"
Shape Circle Layer both
position  0.000000  0.000000  size  0.060000  0.060000  orientation 0.00
drill  0.032000
shape_offset  0.000000  0.000000
$EndPAD
$EndMODULE  RV1

$MODULE "RV2"
reference "RV2"
value "POT"
footprint "Potentiometers:Potentiometer_Bourns_3296W_3-8Zoll_Inline_ScrewUp"
attribut none
position  2.950000  3.350000  orientation 180.00
layer front
$PAD "2"
Shape Circle Layer both
position  0.000000 -0.100000  size  0.060000  0.060000  orientation 0.00
drill  0.032000
shape_offset  0.000000  0.000000
$EndPAD
$PAD "3"
Shape Circle Layer both
position  0.000000 -0.200000  size  0.060000  0.060000  orientation 0.00
drill  0.032000
shape_offset  0.000000  0.000000
$EndPAD
$PAD "1"
Shape Circle Layer both
position  0.000000  0.000000  size  0.060000  0.060000  orientation 0.00
drill  0.032000
shape_offset  0.000000  0.000000
$EndPAD
$EndMODULE  RV2

$MODULE "RV3"
reference "RV3"
value "POT"
footprint "Potentiometers:Potentiometer_Bourns_3296W_3-8Zoll_Inline_ScrewUp"
attribut none
position  2.700000  3.050000  orientation 180.00
layer front
$PAD "2"
Shape Circle Layer both
position  0.000000 -0.100000  size  0.060000  0.060000  orientation 0.00
drill  0.032000
shape_offset  0.000000  0.000000
$EndPAD
$PAD "3"
Shape Circle Layer both
position  0.000000 -0.200000  size  0.060000  0.060000  orientation 0.00
drill  0.032000
shape_offset  0.000000  0.000000
$EndPAD
$PAD "1"
Shape Circle Layer both
position  0.000000  0.000000  size  0.060000  0.060000  orientation 0.00
drill  0.032000
shape_offset  0.000000  0.000000
$EndPAD
$EndMODULE  RV3

$MODULE "RV4"
reference "RV4"
value "POT"
footprint "Potentiometers:Potentiometer_Bourns_3296W_3-8Zoll_Inline_ScrewUp"
attribut none
position  2.450000  2.750000  orientation 180.00
layer front
$PAD "2"
Shape Circle Layer both
position  0.000000 -0.100000  size  0.060000  0.060000  orientation 0.00
drill  0.032000
shape_offset  0.000000  0.000000
$EndPAD
$PAD "3"
Shape Circle Layer both
position  0.000000 -0.200000  size  0.060000  0.060000  orientation 0.00
drill  0.032000
shape_offset  0.000000  0.000000
$EndPAD
$PAD "1"
Shape Circle Layer both
position  0.000000  0.000000  size  0.060000  0.060000  orientation 0.00
drill  0.032000
shape_offset  0.000000  0.000000
$EndPAD
$EndMODULE  RV4

$MODULE "JP1"
reference "JP1"
value "Jumper_NO_Small"
footprint "Connectors_JST:JST_EH_B02B-EH-A_02x2.50mm_Straight"
attribut none
position  4.050000  3.000000  orientation 180.00
layer front
$PAD "1"
Shape Rect Layer both
position  0.000000  0.000000  size  0.072835  0.072835  orientation 0.00
drill  0.035433
shape_offset  0.000000  0.000000
$EndPAD
$PAD "2"
Shape Circle Layer both
position  0.098425  0.000000  size  0.072835  0.072835  orientation 0.00
drill  0.035433
shape_offset  0.000000  0.000000
$EndPAD
$EndMODULE  JP1

$MODULE "JP2"
reference "JP2"
value "Jumper_NO_Small"
footprint "Connectors_JST:JST_EH_B02B-EH-A_02x2.50mm_Straight"
attribut none
position  5.200000  3.000000  orientation 180.00
layer front
$PAD "1"
Shape Rect Layer both
position  0.000000  0.000000  size  0.072835  0.072835  orientation 0.00
drill  0.035433
shape_offset  0.000000  0.000000
$EndPAD
$PAD "2"
Shape Circle Layer both
position  0.098425  0.000000  size  0.072835  0.072835  orientation 0.00
drill  0.035433
shape_offset  0.000000  0.000000
$EndPAD
$EndMODULE  JP2

$MODULE "JP3"
reference "JP3"
value "Jumper_NO_Small"
footprint "Connectors_JST:JST_EH_B02B-EH-A_02x2.50mm_Straight"
attribut none
position  6.300000  3.000000  orientation 180.00
layer front
$PAD "1"
Shape Rect Layer both
position  0.000000  0.000000  size  0.072835  0.072835  orientation 0.00
drill  0.035433
shape_offset  0.000000  0.000000
$EndPAD
$PAD "2"
Shape Circle Layer both
position  0.098425  0.000000  size  0.072835  0.072835  orientation 0.00
drill  0.035433
shape_offset  0.000000  0.000000
$EndPAD
$EndMODULE  JP3

$MODULE "JP4"
reference "JP4"
value "Jumper_NO_Small"
footprint "Connectors_JST:JST_EH_B02B-EH-A_02x2.50mm_Straight"
attribut none
position  7.450000  3.000000  orientation 180.00
layer front
$PAD "1"
Shape Rect Layer both
position  0.000000  0.000000  size  0.072835  0.072835  orientation 0.00
drill  0.035433
shape_offset  0.000000  0.000000
$EndPAD
$PAD "2"
Shape Circle Layer both
position  0.098425  0.000000  size  0.072835  0.072835  orientation 0.00
drill  0.035433
shape_offset  0.000000  0.000000
$EndPAD
$EndMODULE  JP4

$MODULE "J2"
reference "J2"
value "Screw_Terminal_1x08"
footprint "Camdenboss_screw_terminal:Camdenboss_Screw_terminal_8x9.5mm"
attribut none
position  7.050000  1.536000  orientation 0.00
layer front
$PAD "1"
Shape Circle Layer both
position -1.309055  0.000000  size  0.157480  0.157480  orientation 0.00
drill  0.082677
shape_offset  0.000000  0.000000
$EndPAD
$PAD "2"
Shape Circle Layer both
position -0.935039  0.000000  size  0.157480  0.157480  orientation 0.00
drill  0.082677
shape_offset  0.000000  0.000000
$EndPAD
$PAD "3"
Shape Circle Layer both
position -0.561024  0.000000  size  0.157480  0.157480  orientation 0.00
drill  0.082677
shape_offset  0.000000  0.000000
$EndPAD
$PAD "4"
Shape Circle Layer both
position -0.187008  0.000000  size  0.157480  0.157480  orientation 0.00
drill  0.082677
shape_offset  0.000000  0.000000
$EndPAD
$PAD "5"
Shape Circle Layer both
position  0.187008  0.000000  size  0.157480  0.157480  orientation 0.00
drill  0.082677
shape_offset  0.000000  0.000000
$EndPAD
$PAD "6"
Shape Circle Layer both
position  0.561024  0.000000  size  0.157480  0.157480  orientation 0.00
drill  0.082677
shape_offset  0.000000  0.000000
$EndPAD
$PAD "7"
Shape Circle Layer both
position  0.935039  0.000000  size  0.157480  0.157480  orientation 0.00
drill  0.082677
shape_offset  0.000000  0.000000
$EndPAD
$PAD "8"
Shape Circle Layer both
position  1.309055  0.000000  size  0.157480  0.157480  orientation 0.00
drill  0.082677
shape_offset  0.000000  0.000000
$EndPAD
$EndMODULE  J2

$MODULE "JP5"
reference "JP5"
value "Jumper_NC_Dual"
footprint "Connectors_JST:JST_EH_B03B-EH-A_03x2.50mm_Straight"
attribut none
position  3.450000  3.598000  orientation 90.00
layer front
$PAD "1"
Shape Rect Layer both
position  0.000000  0.000000  size  0.072835  0.072835  orientation 0.00
drill  0.035433
shape_offset  0.000000  0.000000
$EndPAD
$PAD "2"
Shape Circle Layer both
position  0.098425  0.000000  size  0.072835  0.072835  orientation 0.00
drill  0.035433
shape_offset  0.000000  0.000000
$EndPAD
$PAD "3"
Shape Circle Layer both
position  0.196850  0.000000  size  0.072835  0.072835  orientation 0.00
drill  0.035433
shape_offset  0.000000  0.000000
$EndPAD
$EndMODULE  JP5

$MODULE "JP6"
reference "JP6"
value "Jumper_NC_Dual"
footprint "Connectors_JST:JST_EH_B03B-EH-A_03x2.50mm_Straight"
attribut none
position  4.550000  3.598000  orientation 90.00
layer front
$PAD "1"
Shape Rect Layer both
position  0.000000  0.000000  size  0.072835  0.072835  orientation 0.00
drill  0.035433
shape_offset  0.000000  0.000000
$EndPAD
$PAD "2"
Shape Circle Layer both
position  0.098425  0.000000  size  0.072835  0.072835  orientation 0.00
drill  0.035433
shape_offset  0.000000  0.000000
$EndPAD
$PAD "3"
Shape Circle Layer both
position  0.196850  0.000000  size  0.072835  0.072835  orientation 0.00
drill  0.035433
shape_offset  0.000000  0.000000
$EndPAD
$EndMODULE  JP6

$MODULE "JP7"
reference "JP7"
value "Jumper_NC_Dual"
footprint "Connectors_JST:JST_EH_B03B-EH-A_03x2.50mm_Straight"
attribut none
position  5.702000  3.598000  orientation 90.00
layer front
$PAD "1"
Shape Rect Layer both
position  0.000000  0.000000  size  0.072835  0.072835  orientation 0.00
drill  0.035433
shape_offset  0.000000  0.000000
$EndPAD
$PAD "2"
Shape Circle Layer both
position  0.098425  0.000000  size  0.072835  0.072835  orientation 0.00
drill  0.035433
shape_offset  0.000000  0.000000
$EndPAD
$PAD "3"
Shape Circle Layer both
position  0.196850  0.000000  size  0.072835  0.072835  orientation 0.00
drill  0.035433
shape_offset  0.000000  0.000000
$EndPAD
$EndMODULE  JP7

$MODULE "JP8"
reference "JP8"
value "Jumper_NC_Dual"
footprint "Connectors_JST:JST_EH_B03B-EH-A_03x2.50mm_Straight"
attribut none
position  6.802000  3.598000  orientation 90.00
layer front
$PAD "1"
Shape Rect Layer both
position  0.000000  0.000000  size  0.072835  0.072835  orientation 0.00
drill  0.035433
shape_offset  0.000000  0.000000
$EndPAD
$PAD "2"
Shape Circle Layer both
position  0.098425  0.000000  size  0.072835  0.072835  orientation 0.00
drill  0.035433
shape_offset  0.000000  0.000000
$EndPAD
$PAD "3"
Shape Circle Layer both
position  0.196850  0.000000  size  0.072835  0.072835  orientation 0.00
drill  0.035433
shape_offset  0.000000  0.000000
$EndPAD
$EndMODULE  JP8

$EndDESCRIPTION
